[ERROR] 2018-11-20 14:43:59,407 com.webtest.utils.Log - com.webtest.demo.Front_Login1@342c38f8-loginSuccess运行失败，需要截屏
[ERROR] 2018-11-20 16:08:04,952 com.webtest.utils.Log - com.webtest.demo.Front_Login1@342c38f8-loginSuccess运行失败，需要截屏
[ERROR] 2018-11-20 16:10:52,567 com.webtest.utils.Log - com.webtest.demo.Front_Login1@342c38f8-loginSuccess运行失败，需要截屏
[ERROR] 2018-11-20 16:12:00,625 com.webtest.utils.Log - com.webtest.demo.Front_Login1@342c38f8-loginSuccess运行失败，需要截屏
[ERROR] 2018-11-20 16:12:56,559 com.webtest.utils.Log - com.webtest.demo.Front_Login1@342c38f8-loginSuccess运行失败，需要截屏
[ERROR] 2018-11-20 16:15:45,630 com.webtest.utils.Log - com.webtest.demo.Front_Login1@342c38f8-loginSuccess运行失败，需要截屏
[ERROR] 2018-11-20 16:17:10,703 com.webtest.utils.Log - com.webtest.demo.Front_Login1@342c38f8-loginSuccess运行失败，需要截屏
[ERROR] 2018-11-20 16:18:15,120 com.webtest.utils.Log - com.webtest.demo.Front_Login1@342c38f8-loginSuccess运行失败，需要截屏
[ERROR] 2018-11-20 16:24:53,698 com.webtest.utils.Log - com.webtest.demo.Front_Login1@342c38f8-loginSuccess运行失败，需要截屏
[ERROR] 2018-11-20 16:26:13,198 com.webtest.utils.Log - com.webtest.demo.Front_Login1@342c38f8-loginSuccess运行失败，需要截屏
[ERROR] 2018-11-20 16:36:02,324 com.webtest.utils.Log - com.webtest.demo.Front_Login1@342c38f8-loginSuccess运行失败，需要截屏
[ERROR] 2018-11-20 16:45:58,068 com.webtest.utils.Log - com.webtest.demo.Front_Login1@342c38f8-loginSuccess运行失败，需要截屏
[ERROR] 2018-11-20 16:48:30,449 com.webtest.utils.Log - com.webtest.demo.Front_Login1@342c38f8-loginSuccess运行失败，需要截屏
[ERROR] 2018-11-20 16:52:11,609 com.webtest.utils.Log - com.webtest.demo.Front_Login1@342c38f8-loginSuccess运行失败，需要截屏
[ERROR] 2018-11-20 16:52:11,638 com.webtest.utils.Log - com.webtest.demo.Front_Login1@342c38f8-loginSuccess运行失败，需要截屏
[ERROR] 2018-11-20 16:52:43,521 com.webtest.utils.Log - com.webtest.demo.Front_Login1@43dac38f-loginSuccess运行失败，需要截屏
[ERROR] 2018-11-20 16:53:41,123 com.webtest.utils.Log - com.webtest.demo.Front_Login1@43dac38f-loginSuccess运行失败，需要截屏
[ERROR] 2018-11-20 16:55:11,601 com.webtest.utils.Log - com.webtest.demo.Front_Login1@43dac38f-loginSuccess运行失败，需要截屏
[ERROR] 2018-11-20 16:58:04,504 com.webtest.utils.Log - com.webtest.demo.Front_Login1@43dac38f-loginSuccess运行失败，需要截屏
[ERROR] 2018-11-20 17:09:39,975 com.webtest.utils.Log - com.webtest.demo.Front_Login1@43dac38f-loginSuccess运行失败，需要截屏
[ERROR] 2018-11-20 17:12:14,593 com.webtest.utils.Log - com.webtest.demo.Front_Login1@43dac38f-loginSuccess运行失败，需要截屏
[ERROR] 2018-11-20 17:32:53,172 com.webtest.utils.Log - com.webtest.demo.Login@43dac38f-loginSuccess运行失败，需要截屏
[ERROR] 2018-11-20 17:39:23,360 com.webtest.utils.Log - com.webtest.demo.Login@43dac38f-loginSuccess运行失败，需要截屏
[ERROR] 2018-11-20 17:40:45,029 com.webtest.utils.Log - com.webtest.demo.Login@43dac38f-loginSuccess运行失败，需要截屏
[ERROR] 2018-11-20 17:44:32,745 com.webtest.utils.Log - com.webtest.demo.Login@43dac38f-loginSuccess运行失败，需要截屏
[ERROR] 2018-11-20 17:47:36,265 com.webtest.utils.Log - com.webtest.demo.Login@43dac38f-loginSuccess运行失败，需要截屏
[ERROR] 2018-11-20 17:50:15,035 com.webtest.utils.Log - com.webtest.demo.Login@43dac38f-loginSuccess运行失败，需要截屏
[ERROR] 2018-11-20 17:57:34,021 com.webtest.utils.Log - com.webtest.demo.Login@43dac38f-loginSuccess运行失败，需要截屏
[ERROR] 2018-11-20 18:00:02,497 com.webtest.utils.Log - com.webtest.demo.Login@43dac38f-loginSuccess运行失败，需要截屏
[ERROR] 2018-11-21 16:29:13,858 com.webtest.utils.Log - com.webtest.demo.Login@d5b810e-loginSuccess运行失败，需要截屏
[ERROR] 2018-11-26 14:32:38,392 com.webtest.utils.Log - com.webtest.demo.Login@644baf4a-loginSuccess运行失败，需要截屏
[ERROR] 2018-11-26 14:32:43,295 com.webtest.utils.Log - com.webtest.demo.Login@644baf4a-loginSuccess运行失败，需要截屏
[ERROR] 2018-11-26 14:32:43,300 com.webtest.utils.Log - com.webtest.demo.Login@644baf4a-loginSuccess运行失败，需要截屏
[ERROR] 2018-11-26 14:34:18,424 com.webtest.utils.Log - com.webtest.demo.Login@644baf4a-loginSuccess运行失败，需要截屏
[ERROR] 2018-11-26 14:34:36,440 com.webtest.utils.Log - com.webtest.demo.Login@644baf4a-loginSuccess运行失败，需要截屏
[ERROR] 2018-11-26 14:34:45,091 com.webtest.utils.Log - com.webtest.demo.Login@644baf4a-loginSuccess运行失败，需要截屏
[ERROR] 2018-11-26 14:34:45,095 com.webtest.utils.Log - com.webtest.demo.Login@644baf4a-loginSuccess运行失败，需要截屏
[ERROR] 2018-11-26 14:36:47,639 com.webtest.utils.Log - com.webtest.demo.Login@644baf4a-loginSuccess运行失败，需要截屏
[ERROR] 2018-11-26 14:36:52,408 com.webtest.utils.Log - com.webtest.demo.Login@644baf4a-loginSuccess运行失败，需要截屏
[ERROR] 2018-11-26 14:36:52,413 com.webtest.utils.Log - com.webtest.demo.Login@644baf4a-loginSuccess运行失败，需要截屏
[ERROR] 2018-11-26 14:38:55,998 com.webtest.utils.Log - com.webtest.demo.Login@644baf4a-loginSuccess运行失败，需要截屏
[ERROR] 2018-11-26 14:39:05,958 com.webtest.utils.Log - com.webtest.demo.Login@644baf4a-loginSuccess运行失败，需要截屏
[ERROR] 2018-11-26 14:39:05,962 com.webtest.utils.Log - com.webtest.demo.Login@644baf4a-loginSuccess运行失败，需要截屏
[ERROR] 2018-11-26 14:52:46,607 com.webtest.utils.Log - com.webtest.demo.Login@76a4ebf2-loginfail运行失败，需要截屏
[ERROR] 2018-11-27 16:18:54,830 com.webtest.utils.Log - com.webtest.demo.Login@1ed4ae0f-loginSuccess运行失败，需要截屏
[ERROR] 2018-11-27 16:19:08,164 com.webtest.utils.Log - com.webtest.demo.Login@1ed4ae0f-loginfail运行失败，需要截屏
[ERROR] 2018-11-27 16:20:23,472 com.webtest.utils.Log - com.webtest.demo.Login@1ed4ae0f-loginSuccess运行失败，需要截屏
[ERROR] 2018-11-27 16:20:37,337 com.webtest.utils.Log - com.webtest.demo.Login@1ed4ae0f-loginfail运行失败，需要截屏
[ERROR] 2018-11-27 16:23:36,944 com.webtest.utils.Log - com.webtest.demo.Login@54c5a2ff-loginSuccess运行失败，需要截屏
[ERROR] 2018-11-27 16:26:12,240 com.webtest.utils.Log - com.webtest.demo.Login@54c5a2ff-loginSuccess运行失败，需要截屏
[ERROR] 2018-11-27 16:27:38,983 com.webtest.utils.Log - com.webtest.demo.Login@54c5a2ff-loginSuccess运行失败，需要截屏
[ERROR] 2018-11-27 16:46:01,259 com.webtest.utils.Log - com.webtest.demo.Login@54c5a2ff-loginfail运行失败，需要截屏
[ERROR] 2018-11-28 15:58:38,676 com.webtest.utils.Log - com.webtest.demo.Login@2ea41516-loginSuccess运行失败，需要截屏
[ERROR] 2018-11-28 15:58:38,841 com.webtest.utils.Log - com.webtest.demo.Login@2ea41516-loginSuccess运行失败，需要截屏
[ERROR] 2018-11-28 15:59:32,638 com.webtest.utils.Log - com.webtest.demo.Login@2ea41516-loginfail运行失败，需要截屏
[ERROR] 2018-11-28 15:59:32,756 com.webtest.utils.Log - com.webtest.demo.Login@2ea41516-loginfail运行失败，需要截屏
[ERROR] 2018-11-28 16:02:18,733 com.webtest.utils.Log - com.webtest.demo.Login@2ea41516-loginfail运行失败，需要截屏
[ERROR] 2018-11-28 16:02:18,917 com.webtest.utils.Log - com.webtest.demo.Login@2ea41516-loginfail运行失败，需要截屏
[ERROR] 2018-11-28 16:07:23,078 com.webtest.utils.Log - com.webtest.demo.Login@2ea41516-loginfail运行失败，需要截屏
[ERROR] 2018-11-28 16:07:23,250 com.webtest.utils.Log - com.webtest.demo.Login@2ea41516-loginfail运行失败，需要截屏
[ERROR] 2018-11-28 16:17:57,600 com.webtest.utils.Log - com.webtest.demo.Login@2ea41516-loginfail运行失败，需要截屏
[ERROR] 2018-11-28 16:17:57,786 com.webtest.utils.Log - com.webtest.demo.Login@2ea41516-loginfail运行失败，需要截屏
[ERROR] 2018-11-28 16:23:41,179 com.webtest.utils.Log - com.webtest.demo.Login@2ea41516-loginfail运行失败，需要截屏
[ERROR] 2018-11-28 16:23:41,400 com.webtest.utils.Log - com.webtest.demo.Login@2ea41516-loginfail运行失败，需要截屏
[ERROR] 2018-11-28 16:30:13,493 com.webtest.utils.Log - com.webtest.demo.Login@2ea41516-loginfail运行失败，需要截屏
[ERROR] 2018-11-28 16:30:13,520 com.webtest.utils.Log - com.webtest.demo.Login@2ea41516-loginfail运行失败，需要截屏
[ERROR] 2018-11-28 16:48:12,586 com.webtest.utils.Log - com.webtest.demo.Login@2ea41516-loginfail运行失败，需要截屏
[ERROR] 2018-11-28 16:48:12,756 com.webtest.utils.Log - com.webtest.demo.Login@2ea41516-loginfail运行失败，需要截屏
[ERROR] 2018-11-28 17:00:01,529 com.webtest.utils.Log - com.webtest.demo.Login@2ea41516-loginSuccess运行失败，需要截屏
[ERROR] 2018-11-28 17:00:01,783 com.webtest.utils.Log - com.webtest.demo.Login@2ea41516-loginSuccess运行失败，需要截屏
[ERROR] 2018-11-28 17:00:25,163 com.webtest.utils.Log - com.webtest.demo.Login@2ea41516-loginfail运行失败，需要截屏
[ERROR] 2018-11-28 17:00:25,319 com.webtest.utils.Log - com.webtest.demo.Login@2ea41516-loginfail运行失败，需要截屏
[ERROR] 2018-11-28 17:02:47,381 com.webtest.utils.Log - com.webtest.demo.Login@2ea41516-loginSuccess运行失败，需要截屏
[ERROR] 2018-11-28 17:02:47,691 com.webtest.utils.Log - com.webtest.demo.Login@2ea41516-loginSuccess运行失败，需要截屏
[ERROR] 2018-11-28 17:02:48,028 com.webtest.utils.Log - com.webtest.demo.Login@2ea41516-loginfail运行失败，需要截屏
[ERROR] 2018-11-28 17:02:48,239 com.webtest.utils.Log - com.webtest.demo.Login@2ea41516-loginfail运行失败，需要截屏
[ERROR] 2018-11-28 17:11:41,621 com.webtest.utils.Log - com.webtest.demo.Login@2ea41516-loginSuccess运行失败，需要截屏
[ERROR] 2018-11-28 17:11:41,900 com.webtest.utils.Log - com.webtest.demo.Login@2ea41516-loginSuccess运行失败，需要截屏
[ERROR] 2018-11-28 17:11:58,123 com.webtest.utils.Log - com.webtest.demo.Login@2ea41516-loginfail运行失败，需要截屏
[ERROR] 2018-11-28 17:11:58,254 com.webtest.utils.Log - com.webtest.demo.Login@2ea41516-loginfail运行失败，需要截屏
[ERROR] 2018-11-28 17:17:18,848 com.webtest.utils.Log - com.webtest.demo.Login@2ea41516-loginSuccess运行失败，需要截屏
[ERROR] 2018-11-28 17:17:19,063 com.webtest.utils.Log - com.webtest.demo.Login@2ea41516-loginSuccess运行失败，需要截屏
[ERROR] 2018-11-28 17:17:43,120 com.webtest.utils.Log - com.webtest.demo.Login@2ea41516-loginSuccess运行失败，需要截屏
[ERROR] 2018-11-28 17:17:43,252 com.webtest.utils.Log - com.webtest.demo.Login@2ea41516-loginSuccess运行失败，需要截屏
[ERROR] 2018-11-30 09:10:27,043 com.webtest.utils.Log - com.webtest.demo.Login@316bcf94-loginfail2运行失败，需要截屏
[ERROR] 2018-11-30 09:10:27,255 com.webtest.utils.Log - com.webtest.demo.Login@316bcf94-loginfail2运行失败，需要截屏
[ERROR] 2018-11-30 09:11:04,601 com.webtest.utils.Log - com.webtest.demo.Login@316bcf94-loginfail2运行失败，需要截屏
[ERROR] 2018-11-30 09:11:05,496 com.webtest.utils.Log - com.webtest.demo.Login@316bcf94-loginfail2运行失败，需要截屏
[ERROR] 2018-12-03 17:18:09,172 com.webtest.utils.Log - com.webtest.demo.Login@3a44431a-loginSuccess运行失败，需要截屏
[ERROR] 2018-12-03 17:18:09,351 com.webtest.utils.Log - com.webtest.demo.Login@3a44431a-loginSuccess运行失败，需要截屏
[ERROR] 2018-12-03 17:18:56,688 com.webtest.utils.Log - com.webtest.demo.Login@3a44431a-loginfail2运行失败，需要截屏
[ERROR] 2018-12-03 17:18:56,812 com.webtest.utils.Log - com.webtest.demo.Login@3a44431a-loginfail2运行失败，需要截屏
[ERROR] 2018-12-03 17:19:09,410 com.webtest.utils.Log - com.webtest.demo.Login@3a44431a-loginfail2运行失败，需要截屏
[ERROR] 2018-12-03 17:19:09,511 com.webtest.utils.Log - com.webtest.demo.Login@3a44431a-loginfail2运行失败，需要截屏
[ERROR] 2018-12-03 17:19:21,881 com.webtest.utils.Log - com.webtest.demo.Login@3a44431a-loginfail2运行失败，需要截屏
[ERROR] 2018-12-03 17:19:21,973 com.webtest.utils.Log - com.webtest.demo.Login@3a44431a-loginfail2运行失败，需要截屏
[ERROR] 2018-12-04 15:34:04,465 com.webtest.utils.Log - com.webtest.demo.Login@316bcf94-loginSuccess运行失败，需要截屏
[ERROR] 2018-12-04 15:34:04,632 com.webtest.utils.Log - com.webtest.demo.Login@316bcf94-loginSuccess运行失败，需要截屏
[ERROR] 2018-12-04 15:34:18,572 com.webtest.utils.Log - com.webtest.demo.Login@316bcf94-loginSuccess运行失败，需要截屏
[ERROR] 2018-12-04 15:34:18,694 com.webtest.utils.Log - com.webtest.demo.Login@316bcf94-loginSuccess运行失败，需要截屏
[ERROR] 2018-12-04 15:34:23,921 com.webtest.utils.Log - com.webtest.demo.Login@316bcf94-loginfail运行失败，需要截屏
[ERROR] 2018-12-04 15:34:24,017 com.webtest.utils.Log - com.webtest.demo.Login@316bcf94-loginfail运行失败，需要截屏
[ERROR] 2018-12-04 15:34:29,914 com.webtest.utils.Log - com.webtest.demo.Login@316bcf94-loginfail2运行失败，需要截屏
[ERROR] 2018-12-04 15:34:30,021 com.webtest.utils.Log - com.webtest.demo.Login@316bcf94-loginfail2运行失败，需要截屏
[ERROR] 2018-12-04 15:34:35,106 com.webtest.utils.Log - com.webtest.demo.Login@316bcf94-loginfail2运行失败，需要截屏
[ERROR] 2018-12-04 15:34:35,204 com.webtest.utils.Log - com.webtest.demo.Login@316bcf94-loginfail2运行失败，需要截屏
[ERROR] 2018-12-04 15:37:23,438 com.webtest.utils.Log - com.webtest.demo.Login@2c1b194a-loginSuccess运行失败，需要截屏
[ERROR] 2018-12-04 15:37:23,609 com.webtest.utils.Log - com.webtest.demo.Login@2c1b194a-loginSuccess运行失败，需要截屏
[ERROR] 2018-12-04 15:47:41,672 com.webtest.utils.Log - com.webtest.demo.Login@2c1b194a-loginfail2运行失败，需要截屏
[ERROR] 2018-12-04 15:47:41,792 com.webtest.utils.Log - com.webtest.demo.Login@2c1b194a-loginfail2运行失败，需要截屏
[ERROR] 2018-12-04 15:47:55,370 com.webtest.utils.Log - com.webtest.demo.Login@2c1b194a-loginfail2运行失败，需要截屏
[ERROR] 2018-12-04 15:47:55,467 com.webtest.utils.Log - com.webtest.demo.Login@2c1b194a-loginfail2运行失败，需要截屏
[ERROR] 2018-12-04 15:48:07,805 com.webtest.utils.Log - com.webtest.demo.Login@2c1b194a-loginfail2运行失败，需要截屏
[ERROR] 2018-12-04 15:48:07,892 com.webtest.utils.Log - com.webtest.demo.Login@2c1b194a-loginfail2运行失败，需要截屏
[ERROR] 2018-12-04 15:48:53,521 com.webtest.utils.Log - com.webtest.demo.Login@2c1b194a-loginfail2运行失败，需要截屏
[ERROR] 2018-12-04 15:48:53,680 com.webtest.utils.Log - com.webtest.demo.Login@2c1b194a-loginfail2运行失败，需要截屏
[ERROR] 2018-12-04 15:49:07,245 com.webtest.utils.Log - com.webtest.demo.Login@2c1b194a-loginfail2运行失败，需要截屏
[ERROR] 2018-12-04 15:49:07,380 com.webtest.utils.Log - com.webtest.demo.Login@2c1b194a-loginfail2运行失败，需要截屏
[ERROR] 2018-12-04 15:49:19,818 com.webtest.utils.Log - com.webtest.demo.Login@2c1b194a-loginfail2运行失败，需要截屏
[ERROR] 2018-12-04 15:49:19,945 com.webtest.utils.Log - com.webtest.demo.Login@2c1b194a-loginfail2运行失败，需要截屏
[ERROR] 2018-12-04 15:51:05,754 com.webtest.utils.Log - com.webtest.demo.Login@2c1b194a-loginfail2运行失败，需要截屏
[ERROR] 2018-12-04 15:51:05,878 com.webtest.utils.Log - com.webtest.demo.Login@2c1b194a-loginfail2运行失败，需要截屏
[ERROR] 2018-12-04 15:51:37,348 com.webtest.utils.Log - com.webtest.demo.Login@2c1b194a-loginfail2运行失败，需要截屏
[ERROR] 2018-12-04 15:51:37,356 com.webtest.utils.Log - com.webtest.demo.Login@2c1b194a-loginfail2运行失败，需要截屏
[ERROR] 2018-12-04 16:51:07,394 com.webtest.utils.Log - com.webtest.demo.Login@2c1b194a-loginSuccess运行失败，需要截屏
[ERROR] 2018-12-04 16:51:07,582 com.webtest.utils.Log - com.webtest.demo.Login@2c1b194a-loginSuccess运行失败，需要截屏
[ERROR] 2018-12-05 15:00:44,490 com.webtest.utils.Log - com.webtest.demo.Login@31fa1761-loginSuccess运行失败，需要截屏
[ERROR] 2018-12-05 15:00:44,661 com.webtest.utils.Log - com.webtest.demo.Login@31fa1761-loginSuccess运行失败，需要截屏
[ERROR] 2018-12-05 15:00:49,345 com.webtest.utils.Log - com.webtest.demo.Login@31fa1761-loginSuccess运行失败，需要截屏
[ERROR] 2018-12-05 15:00:49,350 com.webtest.utils.Log - com.webtest.demo.Login@31fa1761-loginSuccess运行失败，需要截屏
[ERROR] 2018-12-05 16:33:53,719 com.webtest.utils.Log - com.webtest.demo.Search@21282ed8-search_success运行失败，需要截屏
[ERROR] 2018-12-05 16:33:53,893 com.webtest.utils.Log - com.webtest.demo.Search@21282ed8-search_success运行失败，需要截屏
[ERROR] 2018-12-05 16:35:53,832 com.webtest.utils.Log - com.webtest.demo.Search@21282ed8-search_success运行失败，需要截屏
[ERROR] 2018-12-05 16:35:53,971 com.webtest.utils.Log - com.webtest.demo.Search@21282ed8-search_success运行失败，需要截屏
[ERROR] 2018-12-05 16:36:58,577 com.webtest.utils.Log - com.webtest.demo.Search@21282ed8-search_success运行失败，需要截屏
[ERROR] 2018-12-05 16:36:58,756 com.webtest.utils.Log - com.webtest.demo.Search@21282ed8-search_success运行失败，需要截屏
[ERROR] 2018-12-05 16:37:42,777 com.webtest.utils.Log - com.webtest.demo.Search@21282ed8-search_success运行失败，需要截屏
[ERROR] 2018-12-05 16:37:42,959 com.webtest.utils.Log - com.webtest.demo.Search@21282ed8-search_success运行失败，需要截屏
[ERROR] 2018-12-05 16:43:01,829 com.webtest.utils.Log - com.webtest.demo.Search@21282ed8-search_success运行失败，需要截屏
[ERROR] 2018-12-05 16:43:02,015 com.webtest.utils.Log - com.webtest.demo.Search@21282ed8-search_success运行失败，需要截屏
[ERROR] 2018-12-05 16:44:40,262 com.webtest.utils.Log - com.webtest.demo.Search@21282ed8-search_success运行失败，需要截屏
[ERROR] 2018-12-05 16:44:40,442 com.webtest.utils.Log - com.webtest.demo.Search@21282ed8-search_success运行失败，需要截屏
[ERROR] 2018-12-05 16:46:23,078 com.webtest.utils.Log - com.webtest.demo.Search@21282ed8-search_success运行失败，需要截屏
[ERROR] 2018-12-05 16:46:23,262 com.webtest.utils.Log - com.webtest.demo.Search@21282ed8-search_success运行失败，需要截屏
[ERROR] 2018-12-05 17:07:39,577 com.webtest.utils.Log - com.webtest.demo.Search@21282ed8-search_incomplete运行失败，需要截屏
[ERROR] 2018-12-05 17:07:39,784 com.webtest.utils.Log - com.webtest.demo.Search@21282ed8-search_incomplete运行失败，需要截屏
[ERROR] 2018-12-11 15:34:25,715 com.webtest.utils.Log - com.webtest.demo.Login@3932c79a-loginSuccess运行失败，需要截屏
[ERROR] 2018-12-11 15:34:25,899 com.webtest.utils.Log - com.webtest.demo.Login@3932c79a-loginSuccess运行失败，需要截屏
[ERROR] 2018-12-11 15:34:39,859 com.webtest.utils.Log - com.webtest.demo.Login@3932c79a-loginfail运行失败，需要截屏
[ERROR] 2018-12-11 15:34:39,866 com.webtest.utils.Log - com.webtest.demo.Login@3932c79a-loginfail运行失败，需要截屏
[ERROR] 2018-12-11 16:55:26,580 com.webtest.utils.Log - com.webtest.demo.Search@82de64a-search_fail运行失败，需要截屏
[ERROR] 2018-12-11 16:55:26,728 com.webtest.utils.Log - com.webtest.demo.Search@82de64a-search_fail运行失败，需要截屏
[ERROR] 2018-12-11 17:05:54,460 com.webtest.utils.Log - com.webtest.demo.Search@3932c79a-search_fail运行失败，需要截屏
[ERROR] 2018-12-11 17:05:54,617 com.webtest.utils.Log - com.webtest.demo.Search@3932c79a-search_fail运行失败，需要截屏
[ERROR] 2018-12-11 18:13:00,304 com.webtest.utils.Log - com.webtest.demo.Search@1be2019a-search_fail运行失败，需要截屏
[ERROR] 2018-12-11 18:13:00,522 com.webtest.utils.Log - com.webtest.demo.Search@1be2019a-search_fail运行失败，需要截屏
[ERROR] 2018-12-11 18:18:20,808 com.webtest.utils.Log - com.webtest.demo.Search@6f43c82-search_fail运行失败，需要截屏
[ERROR] 2018-12-11 18:18:20,954 com.webtest.utils.Log - com.webtest.demo.Search@6f43c82-search_fail运行失败，需要截屏
[ERROR] 2018-12-12 14:58:07,590 com.webtest.utils.Log - com.webtest.demo.Search@6f43c82-search_fail运行失败，需要截屏
[ERROR] 2018-12-12 14:58:07,747 com.webtest.utils.Log - com.webtest.demo.Search@6f43c82-search_fail运行失败，需要截屏
[ERROR] 2018-12-12 15:01:08,758 com.webtest.utils.Log - com.webtest.demo.Login@6f43c82-loginSuccess运行失败，需要截屏
[ERROR] 2018-12-12 15:01:08,977 com.webtest.utils.Log - com.webtest.demo.Login@6f43c82-loginSuccess运行失败，需要截屏
[ERROR] 2018-12-12 15:01:40,119 com.webtest.utils.Log - com.webtest.demo.Login@6f43c82-loginSuccess运行失败，需要截屏
[ERROR] 2018-12-12 15:01:40,233 com.webtest.utils.Log - com.webtest.demo.Login@6f43c82-loginSuccess运行失败，需要截屏
[ERROR] 2018-12-12 15:07:18,196 com.webtest.utils.Log - com.webtest.demo.Search@6f43c82-search_fail运行失败，需要截屏
[ERROR] 2018-12-12 15:07:18,343 com.webtest.utils.Log - com.webtest.demo.Search@6f43c82-search_fail运行失败，需要截屏
