[ERROR] 2018-12-04 15:59:24,507 com.webtest.utils.Log - com.webtest.demo.Course@7c24b813-course运行失败，需要截屏
[ERROR] 2018-12-04 15:59:24,512 com.webtest.utils.Log - com.webtest.demo.Course@7c24b813-course运行失败，需要截屏
[ERROR] 2018-12-04 16:15:26,142 com.webtest.utils.Log - com.webtest.demo.Course@7c24b813-course运行失败，需要截屏
[ERROR] 2018-12-04 16:15:26,149 com.webtest.utils.Log - com.webtest.demo.Course@7c24b813-course运行失败，需要截屏
[ERROR] 2018-12-04 16:22:39,651 com.webtest.utils.Log - com.webtest.demo.Course@7c24b813-course运行失败，需要截屏
[ERROR] 2018-12-04 16:22:39,656 com.webtest.utils.Log - com.webtest.demo.Course@7c24b813-course运行失败，需要截屏
[ERROR] 2018-12-04 16:37:30,762 com.webtest.utils.Log - com.webtest.demo.Course@7c24b813-course运行失败，需要截屏
[ERROR] 2018-12-04 16:37:30,769 com.webtest.utils.Log - com.webtest.demo.Course@7c24b813-course运行失败，需要截屏
[ERROR] 2018-12-04 16:40:49,083 com.webtest.utils.Log - com.webtest.demo.Course@7c24b813-course运行失败，需要截屏
[ERROR] 2018-12-04 16:40:49,091 com.webtest.utils.Log - com.webtest.demo.Course@7c24b813-course运行失败，需要截屏
[ERROR] 2018-12-04 16:42:15,545 com.webtest.utils.Log - com.webtest.demo.Course@7c24b813-course运行失败，需要截屏
[ERROR] 2018-12-04 16:42:15,598 com.webtest.utils.Log - com.webtest.demo.Course@7c24b813-course运行失败，需要截屏
[ERROR] 2018-12-04 16:43:49,585 com.webtest.utils.Log - com.webtest.demo.Course@7c24b813-course运行失败，需要截屏
[ERROR] 2018-12-04 16:43:49,592 com.webtest.utils.Log - com.webtest.demo.Course@7c24b813-course运行失败，需要截屏
[ERROR] 2018-12-04 18:02:40,431 com.webtest.utils.Log - com.webtest.demo.Xueli@5a56cdac-course运行失败，需要截屏
[ERROR] 2018-12-04 18:02:40,443 com.webtest.utils.Log - com.webtest.demo.Xueli@5a56cdac-course运行失败，需要截屏
[ERROR] 2018-12-04 18:07:26,805 com.webtest.utils.Log - com.webtest.demo.Xueli@5a56cdac-course运行失败，需要截屏
[ERROR] 2018-12-04 18:07:26,862 com.webtest.utils.Log - com.webtest.demo.Xueli@5a56cdac-course运行失败，需要截屏
[ERROR] 2018-12-04 18:08:43,256 com.webtest.utils.Log - com.webtest.demo.Xueli@5a56cdac-course运行失败，需要截屏
[ERROR] 2018-12-04 18:08:43,266 com.webtest.utils.Log - com.webtest.demo.Xueli@5a56cdac-course运行失败，需要截屏
[ERROR] 2018-12-04 18:10:16,638 com.webtest.utils.Log - com.webtest.demo.Xueli@5a56cdac-course运行失败，需要截屏
[ERROR] 2018-12-04 18:10:16,649 com.webtest.utils.Log - com.webtest.demo.Xueli@5a56cdac-course运行失败，需要截屏
[ERROR] 2018-12-04 18:11:09,074 com.webtest.utils.Log - com.webtest.demo.Xueli@5a56cdac-course运行失败，需要截屏
[ERROR] 2018-12-04 18:11:09,087 com.webtest.utils.Log - com.webtest.demo.Xueli@5a56cdac-course运行失败，需要截屏
[ERROR] 2018-12-04 18:11:50,102 com.webtest.utils.Log - com.webtest.demo.Xueli@5a56cdac-course运行失败，需要截屏
[ERROR] 2018-12-04 18:11:50,115 com.webtest.utils.Log - com.webtest.demo.Xueli@5a56cdac-course运行失败，需要截屏
[ERROR] 2018-12-04 18:13:09,556 com.webtest.utils.Log - com.webtest.demo.Xueli@5a56cdac-course运行失败，需要截屏
[ERROR] 2018-12-04 18:13:09,569 com.webtest.utils.Log - com.webtest.demo.Xueli@5a56cdac-course运行失败，需要截屏
[ERROR] 2018-12-05 16:32:09,235 com.webtest.utils.Log - com.webtest.demo.Xueli@7c711375-talk运行失败，需要截屏
[ERROR] 2018-12-05 16:32:09,302 com.webtest.utils.Log - com.webtest.demo.Xueli@7c711375-talk运行失败，需要截屏
[ERROR] 2018-12-05 16:35:15,455 com.webtest.utils.Log - com.webtest.demo.Xueli@7c711375-talk运行失败，需要截屏
[ERROR] 2018-12-05 16:35:15,475 com.webtest.utils.Log - com.webtest.demo.Xueli@7c711375-talk运行失败，需要截屏
[ERROR] 2018-12-05 16:45:26,203 com.webtest.utils.Log - com.webtest.demo.Xueli@7c711375-course运行失败，需要截屏
[ERROR] 2018-12-05 16:45:26,214 com.webtest.utils.Log - com.webtest.demo.Xueli@7c711375-course运行失败，需要截屏
[ERROR] 2018-12-05 16:52:35,017 com.webtest.utils.Log - com.webtest.demo.Xueli@7c711375-course运行失败，需要截屏
[ERROR] 2018-12-05 16:52:35,028 com.webtest.utils.Log - com.webtest.demo.Xueli@7c711375-course运行失败，需要截屏
[ERROR] 2018-12-05 16:59:35,017 com.webtest.utils.Log - com.webtest.demo.Xueli@7c711375-course运行失败，需要截屏
[ERROR] 2018-12-05 16:59:35,027 com.webtest.utils.Log - com.webtest.demo.Xueli@7c711375-course运行失败，需要截屏
[ERROR] 2018-12-05 17:04:42,373 com.webtest.utils.Log - com.webtest.demo.Xueli@7c711375-talk运行失败，需要截屏
[ERROR] 2018-12-05 17:04:42,381 com.webtest.utils.Log - com.webtest.demo.Xueli@7c711375-talk运行失败，需要截屏
[ERROR] 2018-12-05 17:09:19,744 com.webtest.utils.Log - com.webtest.demo.Xueli@5a56cdac-talk运行失败，需要截屏
[ERROR] 2018-12-05 17:09:19,755 com.webtest.utils.Log - com.webtest.demo.Xueli@5a56cdac-talk运行失败，需要截屏
[ERROR] 2018-12-05 17:10:46,344 com.webtest.utils.Log - com.webtest.demo.Xueli@5a56cdac-talk运行失败，需要截屏
[ERROR] 2018-12-05 17:10:46,387 com.webtest.utils.Log - com.webtest.demo.Xueli@5a56cdac-talk运行失败，需要截屏
[ERROR] 2018-12-05 17:14:07,873 com.webtest.utils.Log - com.webtest.demo.Xueli@5a56cdac-talk运行失败，需要截屏
[ERROR] 2018-12-05 17:14:07,881 com.webtest.utils.Log - com.webtest.demo.Xueli@5a56cdac-talk运行失败，需要截屏
[ERROR] 2018-12-05 17:18:45,826 com.webtest.utils.Log - com.webtest.demo.Xueli@5a56cdac-talk运行失败，需要截屏
[ERROR] 2018-12-05 17:18:45,834 com.webtest.utils.Log - com.webtest.demo.Xueli@5a56cdac-talk运行失败，需要截屏
[ERROR] 2018-12-05 17:24:21,046 com.webtest.utils.Log - com.webtest.demo.Xueli@5a56cdac-talk运行失败，需要截屏
[ERROR] 2018-12-05 17:24:21,056 com.webtest.utils.Log - com.webtest.demo.Xueli@5a56cdac-talk运行失败，需要截屏
[ERROR] 2018-12-05 17:25:23,120 com.webtest.utils.Log - com.webtest.demo.Xueli@5a56cdac-talk运行失败，需要截屏
[ERROR] 2018-12-05 17:25:23,129 com.webtest.utils.Log - com.webtest.demo.Xueli@5a56cdac-talk运行失败，需要截屏
[ERROR] 2018-12-05 17:28:26,266 com.webtest.utils.Log - com.webtest.demo.Xueli@5a56cdac-talk运行失败，需要截屏
[ERROR] 2018-12-05 17:28:26,275 com.webtest.utils.Log - com.webtest.demo.Xueli@5a56cdac-talk运行失败，需要截屏
[ERROR] 2018-12-05 17:29:34,300 com.webtest.utils.Log - com.webtest.demo.Xueli@7c711375-course运行失败，需要截屏
[ERROR] 2018-12-05 17:29:34,308 com.webtest.utils.Log - com.webtest.demo.Xueli@7c711375-course运行失败，需要截屏
[ERROR] 2018-12-05 17:30:30,732 com.webtest.utils.Log - com.webtest.demo.Xueli@7c711375-course运行失败，需要截屏
[ERROR] 2018-12-05 17:30:30,744 com.webtest.utils.Log - com.webtest.demo.Xueli@7c711375-course运行失败，需要截屏
[ERROR] 2018-12-05 17:32:29,278 com.webtest.utils.Log - com.webtest.demo.Xueli@5a56cdac-course运行失败，需要截屏
[ERROR] 2018-12-05 17:32:29,287 com.webtest.utils.Log - com.webtest.demo.Xueli@5a56cdac-course运行失败，需要截屏
[ERROR] 2018-12-05 17:33:42,708 com.webtest.utils.Log - com.webtest.demo.Xueli@5a56cdac-talk运行失败，需要截屏
[ERROR] 2018-12-05 17:33:42,719 com.webtest.utils.Log - com.webtest.demo.Xueli@5a56cdac-talk运行失败，需要截屏
[ERROR] 2018-12-05 17:34:30,904 com.webtest.utils.Log - com.webtest.demo.Xueli@5a56cdac-talk运行失败，需要截屏
[ERROR] 2018-12-05 17:34:30,914 com.webtest.utils.Log - com.webtest.demo.Xueli@5a56cdac-talk运行失败，需要截屏
[ERROR] 2018-12-05 17:47:29,012 com.webtest.utils.Log - com.webtest.demo.Xueli@5a56cdac-talk运行失败，需要截屏
[ERROR] 2018-12-05 17:47:29,024 com.webtest.utils.Log - com.webtest.demo.Xueli@5a56cdac-talk运行失败，需要截屏
[ERROR] 2018-12-05 17:51:56,082 com.webtest.utils.Log - com.webtest.demo.Xueli@5a56cdac-talk运行失败，需要截屏
[ERROR] 2018-12-05 17:51:56,098 com.webtest.utils.Log - com.webtest.demo.Xueli@5a56cdac-talk运行失败，需要截屏
[ERROR] 2018-12-05 18:07:32,760 com.webtest.utils.Log - com.webtest.demo.Xueli@5a56cdac-talk运行失败，需要截屏
[ERROR] 2018-12-05 18:07:32,769 com.webtest.utils.Log - com.webtest.demo.Xueli@5a56cdac-talk运行失败，需要截屏
[ERROR] 2018-12-05 18:11:17,265 com.webtest.utils.Log - com.webtest.demo.Xueli@5a56cdac-talk运行失败，需要截屏
[ERROR] 2018-12-05 18:11:17,275 com.webtest.utils.Log - com.webtest.demo.Xueli@5a56cdac-talk运行失败，需要截屏
[ERROR] 2018-12-05 18:11:57,430 com.webtest.utils.Log - com.webtest.demo.Xueli@5a56cdac-talk运行失败，需要截屏
[ERROR] 2018-12-05 18:11:57,440 com.webtest.utils.Log - com.webtest.demo.Xueli@5a56cdac-talk运行失败，需要截屏
[ERROR] 2018-12-05 19:01:53,161 com.webtest.utils.Log - com.webtest.demo.Xueli@5a56cdac-talk运行失败，需要截屏
[ERROR] 2018-12-05 19:01:53,172 com.webtest.utils.Log - com.webtest.demo.Xueli@5a56cdac-talk运行失败，需要截屏
[ERROR] 2018-12-05 19:03:37,967 com.webtest.utils.Log - com.webtest.demo.Xueli@5a56cdac-talk运行失败，需要截屏
[ERROR] 2018-12-05 19:03:37,981 com.webtest.utils.Log - com.webtest.demo.Xueli@5a56cdac-talk运行失败，需要截屏
[ERROR] 2018-12-05 19:21:27,852 com.webtest.utils.Log - com.webtest.demo.Xueli@5a56cdac-talk运行失败，需要截屏
[ERROR] 2018-12-05 19:21:27,861 com.webtest.utils.Log - com.webtest.demo.Xueli@5a56cdac-talk运行失败，需要截屏
[ERROR] 2018-12-05 19:38:23,209 com.webtest.utils.Log - com.webtest.demo.Xueli@5a56cdac-talk运行失败，需要截屏
[ERROR] 2018-12-05 19:38:23,218 com.webtest.utils.Log - com.webtest.demo.Xueli@5a56cdac-talk运行失败，需要截屏
[ERROR] 2018-12-05 19:45:54,329 com.webtest.utils.Log - com.webtest.demo.Xueli@5a56cdac-talk运行失败，需要截屏
[ERROR] 2018-12-05 19:45:54,345 com.webtest.utils.Log - com.webtest.demo.Xueli@5a56cdac-talk运行失败，需要截屏
[ERROR] 2018-12-05 19:47:39,975 com.webtest.utils.Log - com.webtest.demo.Xueli@5a56cdac-talk运行失败，需要截屏
[ERROR] 2018-12-05 19:47:39,986 com.webtest.utils.Log - com.webtest.demo.Xueli@5a56cdac-talk运行失败，需要截屏
[ERROR] 2018-12-05 19:50:51,231 com.webtest.utils.Log - com.webtest.demo.Xueli@5a56cdac-talk运行失败，需要截屏
[ERROR] 2018-12-05 19:50:51,244 com.webtest.utils.Log - com.webtest.demo.Xueli@5a56cdac-talk运行失败，需要截屏
[ERROR] 2018-12-06 10:57:45,738 com.webtest.utils.Log - com.webtest.demo.Xueli@57cf54e1-talk运行失败，需要截屏
[ERROR] 2018-12-06 10:57:45,782 com.webtest.utils.Log - com.webtest.demo.Xueli@57cf54e1-talk运行失败，需要截屏
[ERROR] 2018-12-06 17:01:01,950 com.webtest.utils.Log - com.webtest.demo.Xueli@5a56cdac-talk运行失败，需要截屏
[ERROR] 2018-12-06 17:01:01,965 com.webtest.utils.Log - com.webtest.demo.Xueli@5a56cdac-talk运行失败，需要截屏
[ERROR] 2018-12-06 17:12:11,215 com.webtest.utils.Log - com.webtest.demo.Xueli@5a56cdac-course运行失败，需要截屏
[ERROR] 2018-12-06 17:12:11,230 com.webtest.utils.Log - com.webtest.demo.Xueli@5a56cdac-course运行失败，需要截屏
[ERROR] 2018-12-06 17:18:19,616 com.webtest.utils.Log - com.webtest.demo.Xueli@5a56cdac-course运行失败，需要截屏
[ERROR] 2018-12-06 17:18:19,633 com.webtest.utils.Log - com.webtest.demo.Xueli@5a56cdac-course运行失败，需要截屏
[ERROR] 2018-12-06 17:23:53,298 com.webtest.utils.Log - com.webtest.demo.Xueli@5a56cdac-course运行失败，需要截屏
[ERROR] 2018-12-06 17:23:53,312 com.webtest.utils.Log - com.webtest.demo.Xueli@5a56cdac-course运行失败，需要截屏
[ERROR] 2018-12-06 17:28:14,199 com.webtest.utils.Log - com.webtest.demo.Xueli@5a56cdac-course运行失败，需要截屏
[ERROR] 2018-12-06 17:28:14,215 com.webtest.utils.Log - com.webtest.demo.Xueli@5a56cdac-course运行失败，需要截屏
[ERROR] 2018-12-06 17:33:59,605 com.webtest.utils.Log - com.webtest.demo.Xueli@5a56cdac-course运行失败，需要截屏
[ERROR] 2018-12-06 17:33:59,622 com.webtest.utils.Log - com.webtest.demo.Xueli@5a56cdac-course运行失败，需要截屏
[ERROR] 2018-12-06 17:46:17,884 com.webtest.utils.Log - com.webtest.demo.Xueli@5a56cdac-course运行失败，需要截屏
[ERROR] 2018-12-06 17:46:17,898 com.webtest.utils.Log - com.webtest.demo.Xueli@5a56cdac-course运行失败，需要截屏
[ERROR] 2018-12-06 17:55:32,883 com.webtest.utils.Log - com.webtest.demo.Xueli@5a56cdac-course运行失败，需要截屏
[ERROR] 2018-12-06 17:55:32,905 com.webtest.utils.Log - com.webtest.demo.Xueli@5a56cdac-course运行失败，需要截屏
[ERROR] 2018-12-06 17:55:34,206 com.webtest.utils.Log - com.webtest.demo.Xueli@5a56cdac-course运行失败，需要截屏
[ERROR] 2018-12-06 17:55:34,254 com.webtest.utils.Log - com.webtest.demo.Xueli@5a56cdac-course运行失败，需要截屏
[ERROR] 2018-12-07 08:38:07,362 com.webtest.utils.Log - com.webtest.demo.Xueli@5a56cdac-course运行失败，需要截屏
[ERROR] 2018-12-07 08:38:07,375 com.webtest.utils.Log - com.webtest.demo.Xueli@5a56cdac-course运行失败，需要截屏
[ERROR] 2018-12-07 08:38:31,418 com.webtest.utils.Log - com.webtest.demo.Xueli@5a56cdac-course运行失败，需要截屏
[ERROR] 2018-12-07 08:38:31,433 com.webtest.utils.Log - com.webtest.demo.Xueli@5a56cdac-course运行失败，需要截屏
[ERROR] 2018-12-07 08:59:50,818 com.webtest.utils.Log - com.webtest.demo.Front_Login1@485966cc-testSearch运行失败，需要截屏
[ERROR] 2018-12-07 09:04:59,942 com.webtest.utils.Log - com.webtest.demo.Xueli@485966cc-course运行失败，需要截屏
[ERROR] 2018-12-18 16:50:36,087 com.webtest.utils.Log - com.webtest.demo.Community@6440112d-talk运行失败，需要截屏
[ERROR] 2018-12-18 17:39:41,717 com.webtest.utils.Log - com.webtest.demo.Community@6c284af-talk运行失败，需要截屏
[ERROR] 2018-12-18 17:55:00,793 com.webtest.utils.Log - com.webtest.demo.Course@5890e879-course运行失败，需要截屏
[ERROR] 2018-12-18 17:55:10,553 com.webtest.utils.Log - com.webtest.demo.Course@5890e879-course运行失败，需要截屏
[ERROR] 2018-12-18 18:00:32,241 com.webtest.utils.Log - com.webtest.demo.Course@5890e879-course运行失败，需要截屏
[ERROR] 2018-12-18 18:03:32,585 com.webtest.utils.Log - com.webtest.demo.Course@5890e879-course运行失败，需要截屏
[ERROR] 2018-12-18 18:07:50,676 com.webtest.utils.Log - com.webtest.demo.Course@5890e879-course运行失败，需要截屏
[ERROR] 2018-12-28 11:17:58,991 com.webtest.utils.Log - com.webtest.demo.Course@6c284af-course运行失败，需要截屏
[ERROR] 2018-12-28 11:22:50,664 com.webtest.utils.Log - com.webtest.demo.Course@6c284af-course运行失败，需要截屏
[ERROR] 2018-12-28 11:26:15,689 com.webtest.utils.Log - com.webtest.demo.Course@6c284af-course运行失败，需要截屏
[ERROR] 2018-12-28 11:29:52,164 com.webtest.utils.Log - com.webtest.demo.Course@6c284af-course运行失败，需要截屏
[ERROR] 2018-12-28 11:34:43,158 com.webtest.utils.Log - com.webtest.demo.Course@6c284af-course运行失败，需要截屏
[ERROR] 2018-12-28 11:41:18,010 com.webtest.utils.Log - com.webtest.demo.Course@6c284af-course运行失败，需要截屏
[ERROR] 2018-12-28 11:41:18,030 com.webtest.utils.Log - com.webtest.demo.Course@6c284af-course运行失败，需要截屏
